<?xml version="1.0" encoding="UTF-8"?>
<!-- Generated by org.testng.reporters.JUnitReportReporter -->
<testsuite hostname="DESKTOP-HO7HTRR" failures="0" tests="2" name="TestNG.NewTest" time="2.436" errors="0" timestamp="2023-08-18T02:03:51 GMT-07:00" skipped="0">
  <testcase classname="TestNG.NewTest" name="linkTest" time="2.409"/>
  <testcase classname="TestNG.NewTest" name="titleTest" time="0.027"/>
</testsuite> <!-- TestNG.NewTest -->
